
	            G L O B A L   R E F E R E N C E S

	             Name               Value        Type
	==============================|=======|===============
	LINHAS_FIM_ESQ                   181D         CONSTANT
	LINHAS_FIM_DIR                   1836         CONSTANT
	MUDA_LINHA                       0100         CONSTANT
	IO_CONTROL                       FFFC         CONSTANT
	IO_WRITE                         FFFE         CONSTANT
	SIMBOLO                          002B         CONSTANT
	SP_INICIAL                       FDFF         CONSTANT
	LIMPA_J                          FFFF         CONSTANT
	BARRA                            007C         CONSTANT
	RODA                             004F         CONSTANT
	ESPACO                           0020         CONSTANT
	LIM_LINHAS                       1800         CONSTANT
	COLUNAS                          0001         CONSTANT
	INTADDR                          FFFA         CONSTANT
	INTMASK                          8C07         CONSTANT
	MASK                             8016         CONSTANT
	DISP7s1                          FFF0         CONSTANT
	DISP7s2                          FFF1         CONSTANT
	DISP7s3                          FFF2         CONSTANT
	DISP7s4                          FFF3         CONSTANT
	lcd_cursor                       FFF4         CONSTANT
	lcd_write                        FFF5         CONSTANT
	io_led                           FFF8         CONSTANT
	LIM_BIC_ESQ                      151F         CONSTANT
	LIM_BIC_DIR                      1534         CONSTANT
	TIMER_COUNT                      FFF6         CONSTANT
	TIMER_ONOFF                      FFF7         CONSTANT
	OBS                              002A         CONSTANT
	NIVEL1                           0005         CONSTANT
	NIVEL2                           0004         CONSTANT
	NIVEL3                           0003         CONSTANT
	NIVELT                           0002         CONSTANT
	COLISAO                          0005         CONSTANT
	BIC_INIT                         1529         CONSTANT
	POSICAOBIC                       8000         VARIABLE
	POSICAO_OBS1                     8001         VARIABLE
	POSICAO_OBS2                     8002         VARIABLE
	POSICAO_OBS3                     8003         VARIABLE
	POSICAO_OBS4                     8004         VARIABLE
	CONT1                            8005         VARIABLE
	CONT2                            8006         VARIABLE
	CONT3                            8007         VARIABLE
	BV1                              8008           STRING
	BV2                              8029           STRING
	END1                             804C           STRING
	END2                             8057           STRING
	contatemp                        807A         VARIABLE
	VEL                              807B         VARIABLE
	COLISAOCHECK                     807C         VARIABLE
	ONOFF                            807D         VARIABLE
	DIST                             807E           STRING
	MAX                              808E           STRING
	OBS_COUNT                        809B         VARIABLE
	DECIMAL                          809C         VARIABLE
	OBS_COUNT_DECIMAL                809D         VARIABLE
	MAX_COUNT                        809E         VARIABLE
	NVAR1                            809F         VARIABLE
	POS                              80A0         VARIABLE
	TURBOONOFF                       80A1         VARIABLE
	PAUSASTR                         80A2           STRING
	Int0                             FE00         VARIABLE
	Int1                             FE01         VARIABLE
	Int2                             FE02         VARIABLE
	IntA                             FE0A         VARIABLE
	IntB                             FE0B         VARIABLE
	IntF                             FE0F         VARIABLE
	IntI                             0002            LABEL
	IntE                             0005            LABEL
	IntD                             0008            LABEL
	Contador                         000B            LABEL
	IntPausa                         0015            LABEL
	IntTurbo                         0018            LABEL
	LIMPA                            001B            LABEL
	limpa_cont                       0020            LABEL
	muda_coluna                      002F            LABEL
	fim_limpa                        0036            LABEL
	Texto_Init                       003A            LABEL
	Continua_esc                     0041            LABEL
	esc_prox_linha                   004D            LABEL
	Continua_esc_2                   0051            LABEL
	fim_esc_texto                    005D            LABEL
	Texto_Init2                      0061            LABEL
	Continua_esc2                    006A            LABEL
	esc_prox_linha2                  0076            LABEL
	Continua_esc2_                   007A            LABEL
	fim_esc_texto2                   0086            LABEL
	Inicio                           008A            LABEL
	Escreve_Esq                      0090            LABEL
	novalinha_e                      00A0            LABEL
	Escreve_Dir                      00B0            LABEL
	novalinha_d                      00C0            LABEL
	fim_d                            00D0            LABEL
	desenha_bicicleta_INIT           00D5            LABEL
	apaga_bic_                       00F9            LABEL
	desenha_esq                      0118            LABEL
	fim_esq                          013E            LABEL
	desenha_dir                      0141            LABEL
	fim_dir                          0167            LABEL
	Esc_geral_obs                    016A            LABEL
	esc_new                          016D            LABEL
	Apaga_geral_obs                  017C            LABEL
	apaga_obs_geral                  017F            LABEL
	Esc_geral_2                      018C            LABEL
	conti_2                          0191            LABEL
	notcolisao                       019C            LABEL
	fim_esc_2                        01A0            LABEL
	colisao                          01A1            LABEL
	colidecolunas                    01A8            LABEL
	fimc                             01B3            LABEL
	Hacolisao                        01B4            LABEL
	Obs1_esc                         01BB            LABEL
	Obs2_esc                         01CC            LABEL
	Obs3_esc                         01DD            LABEL
	Obs4_esc                         01EE            LABEL
	Obs1_apg                         01FF            LABEL
	Obs2_apg                         0206            LABEL
	Obs3_apg                         020D            LABEL
	Obs4_apg                         0214            LABEL
	Obs1_esc_2                       021B            LABEL
	new                              022C            LABEL
	fimd                             0230            LABEL
	muda_posicao                     0237            LABEL
	novaposicao                      023E            LABEL
	Obs2_esc_2                       0243            LABEL
	new2                             0254            LABEL
	fimd2                            0258            LABEL
	Obs3_esc_2                       025F            LABEL
	new3                             0270            LABEL
	fimd3                            0274            LABEL
	Obs4_esc_2                       027B            LABEL
	new4                             028C            LABEL
	fimd4                            0290            LABEL
	repoe                            0297            LABEL
	lcd                              02B5            LABEL
	lcd2                             02BE            LABEL
	PAUSA_LCD                        02C6            LABEL
	continua_pausa_lcd               02CD            LABEL
	Fim_lcd_pausa                    02D8            LABEL
	APAGA_LCD_1                      02DC            LABEL
	apaga_lcd_cont                   02E2            LABEL
	fim_apaga_lcd                    02EC            LABEL
	Aumenta_dist                     02EF            LABEL
	fim_conversao                    0311            LABEL
	converte_str_e                   0319            LABEL
	linha_cima                       034E            LABEL
	conti_lcd                        0355            LABEL
	fim_lcd                          0361            LABEL
	linha_de_baixo                   0365            LABEL
	lb_conti                         036C            LABEL
	fim_lcd_lb                       0377            LABEL
	mantem_max                       037B            LABEL
	fim_max                          03B4            LABEL
	Obs_Init_esc                     03B9            LABEL
	Obs_count_esc                    03C8            LABEL
	fim_conversao2                   03ED            LABEL
	converte_str_e_OBS               03F5            LABEL
	random                           041D            LABEL
	random_1                         0429            LABEL
	gen_coord                        042E            LABEL
	vel_led                          0438            LABEL
	nivel2                           0450            LABEL
	nivel1                           045A            LABEL
	nivel3                           0464            LABEL
	fim_leds                         046C            LABEL
	Pausa                            0471            LABEL
	conti_pausa                      0478            LABEL
	Turbo                            0487            LABEL
	desactiva                        049B            LABEL
	fim_turbo                        049F            LABEL
	progprincipal                    04A3            LABEL
	START                            04B1            LABEL
	NEWGAME                          04B9            LABEL
	MODOPLAY                         04C3            LABEL
	MOVEDIREITA                      04D4            LABEL
	MOVEOBSTACULOS                   04DA            LABEL
	MOVOBS12                         0505            LABEL
	MOVOBS1                          050B            LABEL
	MOVOBS1ESC2                      050F            LABEL
	MOVOBS12ESC3                     0515            LABEL
	MOVOBS123                        051D            LABEL
	MOVOBS123ESC4                    0525            LABEL
	Fim_do_Jogo                      052F            LABEL
	NewGame                          0535            LABEL
	ACTIVATEMPORIZADOR               053A            LABEL
